<?xml version="1.0" encoding="UTF-8"?>
<testsuite name="DFSinRDFTest" tests="2" skipped="0" failures="0" errors="0" timestamp="2019-11-06T17:35:39" hostname="Marthes-MacBook-Pro.local" time="6.472">
  <properties/>
  <testcase name="outputIsCatALicense" classname="DFSinRDFTest" time="5.083"/>
  <testcase name="outputIsCMEDerivedDataLicense" classname="DFSinRDFTest" time="1.389"/>
  <system-out><![CDATA[DFS in RDF : This happened ======================================
stmt is: [http://www.w3.org/ns/odrl/2/T1, http://www.w3.org/ns/odrl/2/permission, http://www.w3.org/ns/odrl/2/T1-P1]
stmt is: [http://www.w3.org/ns/odrl/2/T1-P1, http://www.w3.org/ns/odrl/2/duties, http://www.w3.org/ns/odrl/2/T1-P1-D1]
stmt is: [http://www.w3.org/ns/odrl/2/T1-P1-D1, http://www.w3.org/ns/odrl/2/constraint, http://www.w3.org/ns/odrl/2/C16]
stmt is: [http://www.w3.org/ns/odrl/2/C16, http://www.w3.org/ns/odrl/2/rightOperand, http://example.org/rbim/device]
stmt is: [http://www.w3.org/ns/odrl/2/C16, http://www.w3.org/ns/odrl/2/operator, http://www.w3.org/ns/odrl/2/eq]
stmt is: [http://www.w3.org/ns/odrl/2/C16, http://www.w3.org/ns/odrl/2/leftOperand, http://www.w3.org/ns/odrl/2/unitOfCount]
stmt is: [http://www.w3.org/ns/odrl/2/C16, http://www.w3.org/1999/02/22-rdf-syntax-ns#type, http://www.w3.org/ns/odrl/2/Constraint]
Could not determine nature of statement.
stmt is: [http://www.w3.org/ns/odrl/2/T1-P1-D1, http://www.w3.org/ns/odrl/2/constraint, http://www.w3.org/ns/odrl/2/C15]
stmt is: [http://www.w3.org/ns/odrl/2/C15, http://www.w3.org/ns/odrl/2/rightOperand, "P1M"^^http://www.w3.org/2001/XMLSchema#duration]
stmt is: [http://www.w3.org/ns/odrl/2/C15, http://www.w3.org/ns/odrl/2/operator, http://www.w3.org/ns/odrl/2/eq]
stmt is: [http://www.w3.org/ns/odrl/2/C15, http://www.w3.org/ns/odrl/2/leftOperand, http://www.w3.org/ns/odrl/2/timeInterval]
stmt is: [http://www.w3.org/ns/odrl/2/C15, http://www.w3.org/1999/02/22-rdf-syntax-ns#type, http://www.w3.org/ns/odrl/2/Constraint]
Could not determine nature of statement.
stmt is: [http://www.w3.org/ns/odrl/2/T1-P1-D1, http://www.w3.org/ns/odrl/2/action, http://example.org/rbim/report]
stmt is: [http://www.w3.org/ns/odrl/2/T1-P1-D1, http://www.w3.org/1999/02/22-rdf-syntax-ns#type, http://www.w3.org/ns/odrl/2/Duty]
stmt is: [http://www.w3.org/ns/odrl/2/T1-P1, http://www.w3.org/ns/odrl/2/action, http://www.w3.org/ns/odrl/2/D-A1]
stmt is: [http://www.w3.org/ns/odrl/2/D-A1, http://www.w3.org/ns/odrl/2/refinement, http://www.w3.org/ns/odrl/2/C8]
stmt is: [http://www.w3.org/ns/odrl/2/C8, http://www.w3.org/ns/odrl/2/rightOperand, http://example.org/rbim/internalUse]
stmt is: [http://www.w3.org/ns/odrl/2/C8, http://www.w3.org/ns/odrl/2/operator, http://www.w3.org/ns/odrl/2/eq]
stmt is: [http://www.w3.org/ns/odrl/2/C8, http://www.w3.org/ns/odrl/2/leftOperand, http://www.w3.org/ns/odrl/2/purpose]
stmt is: [http://www.w3.org/ns/odrl/2/C8, http://www.w3.org/1999/02/22-rdf-syntax-ns#type, http://www.w3.org/ns/odrl/2/Constraint]
Could not determine nature of statement.
stmt is: [http://www.w3.org/ns/odrl/2/D-A1, http://www.w3.org/1999/02/22-rdf-syntax-ns#value, http://www.w3.org/ns/odrl/2/derive]
Definition of derive is: To create a new derivative Asset from this Asset and to edit or modify the derivative.
stmt is: [http://www.w3.org/ns/odrl/2/D-A1, http://www.w3.org/1999/02/22-rdf-syntax-ns#type, http://www.w3.org/ns/odrl/2/Action]
stmt is: [http://www.w3.org/ns/odrl/2/T1-P1, http://www.w3.org/ns/odrl/2/duties, http://www.w3.org/ns/odrl/2/T1-P1-D2]
stmt is: [http://www.w3.org/ns/odrl/2/T1-P1-D2, http://www.w3.org/ns/odrl/2/constraint, http://www.w3.org/ns/odrl/2/C7]
stmt is: [http://www.w3.org/ns/odrl/2/C7, http://www.w3.org/ns/odrl/2/rightOperand, "The market data is the property of Chicago Mercantile Exchange Inc. or it’s licensors as applicable. All rights reserved, or otherwise licensed by Chicago Mercantile Exchange Inc."]
stmt is: [http://www.w3.org/ns/odrl/2/C7, http://www.w3.org/ns/odrl/2/operator, http://www.w3.org/ns/odrl/2/eq]
stmt is: [http://www.w3.org/ns/odrl/2/C7, http://www.w3.org/ns/odrl/2/leftOperand, http://example.org/rbim/attribution]
stmt is: [http://www.w3.org/ns/odrl/2/C7, http://www.w3.org/1999/02/22-rdf-syntax-ns#type, http://www.w3.org/ns/odrl/2/Constraint]
Could not determine nature of statement.
stmt is: [http://www.w3.org/ns/odrl/2/T1-P1-D2, http://www.w3.org/ns/odrl/2/action, http://www.w3.org/ns/odrl/2/attribute]
stmt is: [http://www.w3.org/ns/odrl/2/T1-P1-D2, http://www.w3.org/1999/02/22-rdf-syntax-ns#type, http://www.w3.org/ns/odrl/2/Duty]
stmt is: [http://www.w3.org/ns/odrl/2/T1-P1, http://www.w3.org/ns/odrl/2/duties, http://www.w3.org/ns/odrl/2/T1-P1-D3]
stmt is: [http://www.w3.org/ns/odrl/2/T1-P1-D3, http://www.w3.org/ns/odrl/2/constraint, http://www.w3.org/ns/odrl/2/C9]
stmt is: [http://www.w3.org/ns/odrl/2/C9, http://www.w3.org/ns/odrl/2/and, http://www.w3.org/ns/odrl/2/C11]
stmt is: [http://www.w3.org/ns/odrl/2/C11, http://www.w3.org/ns/odrl/2/rightOperand, https://www.wikidata.org/wiki/Q4917]
qCode is : Q4917
stmt is: [http://www.w3.org/ns/odrl/2/C11, http://www.w3.org/ns/odrl/2/operator, http://www.w3.org/ns/odrl/2/eq]
stmt is: [http://www.w3.org/ns/odrl/2/C11, http://www.w3.org/ns/odrl/2/leftOperand, http://www.w3.org/ns/odrl/2/unit]
stmt is: [http://www.w3.org/ns/odrl/2/C11, http://www.w3.org/1999/02/22-rdf-syntax-ns#type, http://www.w3.org/ns/odrl/2/Constraint]
Could not determine nature of statement.
stmt is: [http://www.w3.org/ns/odrl/2/C9, http://www.w3.org/ns/odrl/2/and, http://www.w3.org/ns/odrl/2/C10]
stmt is: [http://www.w3.org/ns/odrl/2/C10, http://www.w3.org/ns/odrl/2/rightOperand, "1150.00"^^http://www.w3.org/2001/XMLSchema#float]
stmt is: [http://www.w3.org/ns/odrl/2/C10, http://www.w3.org/ns/odrl/2/operator, http://www.w3.org/ns/odrl/2/eq]
stmt is: [http://www.w3.org/ns/odrl/2/C10, http://www.w3.org/ns/odrl/2/leftOperand, http://www.w3.org/ns/odrl/2/payAmount]
stmt is: [http://www.w3.org/ns/odrl/2/C10, http://www.w3.org/1999/02/22-rdf-syntax-ns#type, http://www.w3.org/ns/odrl/2/Constraint]
Could not determine nature of statement.
stmt is: [http://www.w3.org/ns/odrl/2/C9, http://www.w3.org/ns/odrl/2/and, http://www.w3.org/ns/odrl/2/C15]
stmt is: [http://www.w3.org/ns/odrl/2/C9, http://www.w3.org/1999/02/22-rdf-syntax-ns#type, http://www.w3.org/ns/odrl/2/LogicalConstraint]
stmt is: [http://www.w3.org/ns/odrl/2/T1-P1-D3, http://www.w3.org/ns/odrl/2/action, http://www.w3.org/ns/odrl/2/compensate]
stmt is: [http://www.w3.org/ns/odrl/2/T1-P1-D3, http://www.w3.org/1999/02/22-rdf-syntax-ns#type, http://www.w3.org/ns/odrl/2/Duty]
stmt is: [http://www.w3.org/ns/odrl/2/T1-P1, http://www.w3.org/ns/odrl/2/action, http://example.org/rbim/tradeAutomatically]
stmt is: [http://www.w3.org/ns/odrl/2/T1-P1, http://www.w3.org/ns/odrl/2/target, http://www.w3.org/ns/odrl/2/A3]
stmt is: [http://www.w3.org/ns/odrl/2/A3, http://www.w3.org/1999/02/22-rdf-syntax-ns#value, http://www.w3.org/ns/odrl/2/R2]
stmt is: [http://www.w3.org/ns/odrl/2/R2, http://example.org/rbim/contentNature, http://example.org/rbim/endOfDay]
Definition of endOfDay is: Static, derived from real time content by provider or vendor, after a financial market has closed for the day (or after a 24 hour period in 24 hour markets).
stmt is: [http://www.w3.org/ns/odrl/2/R2, http://www.w3.org/2000/01/rdf-schema#label, "Eurodollar Futures Contract EoD"]
stmt is: [http://www.w3.org/ns/odrl/2/R2, http://www.w3.org/1999/02/22-rdf-syntax-ns#type, http://example.org/rbim/Resource]
stmt is: [http://www.w3.org/ns/odrl/2/A3, http://www.w3.org/1999/02/22-rdf-syntax-ns#type, http://www.w3.org/ns/odrl/2/Asset]
stmt is: [http://www.w3.org/ns/odrl/2/T1-P1, http://www.w3.org/ns/odrl/2/constraint, http://www.w3.org/ns/odrl/2/C2]
stmt is: [http://www.w3.org/ns/odrl/2/C2, http://www.w3.org/ns/odrl/2/rightOperand, http://example.org/rbim/enterpriseModel]
stmt is: [http://www.w3.org/ns/odrl/2/C2, http://www.w3.org/ns/odrl/2/rightOperand, http://example.org/rbim/internalModel]
stmt is: [http://www.w3.org/ns/odrl/2/C2, http://www.w3.org/ns/odrl/2/operator, http://www.w3.org/ns/odrl/2/eq]
stmt is: [http://www.w3.org/ns/odrl/2/C2, http://www.w3.org/ns/odrl/2/leftOperand, http://example.org/rbim/RecipientModel]
stmt is: [http://www.w3.org/ns/odrl/2/C2, http://www.w3.org/1999/02/22-rdf-syntax-ns#type, http://www.w3.org/ns/odrl/2/Constraint]
Could not determine nature of statement.
stmt is: [http://www.w3.org/ns/odrl/2/T1-P1, http://www.w3.org/ns/odrl/2/target, http://www.w3.org/ns/odrl/2/A1]
stmt is: [http://www.w3.org/ns/odrl/2/A1, http://www.w3.org/ns/odrl/2/refinement, http://www.w3.org/ns/odrl/2/C3]
stmt is: [http://www.w3.org/ns/odrl/2/C3, http://www.w3.org/ns/odrl/2/rightOperand, "PT10M"^^http://www.w3.org/2001/XMLSchema#duration]
stmt is: [http://www.w3.org/ns/odrl/2/C3, http://www.w3.org/ns/odrl/2/operator, http://www.w3.org/ns/odrl/2/lt]
stmt is: [http://www.w3.org/ns/odrl/2/C3, http://www.w3.org/ns/odrl/2/leftOperand, http://example.org/rbim/timelinessOfDelivery]
stmt is: [http://www.w3.org/ns/odrl/2/C3, http://www.w3.org/1999/02/22-rdf-syntax-ns#type, http://www.w3.org/ns/odrl/2/Constraint]
Could not determine nature of statement.
stmt is: [http://www.w3.org/ns/odrl/2/A1, http://www.w3.org/1999/02/22-rdf-syntax-ns#value, http://www.w3.org/ns/odrl/2/R1]
stmt is: [http://www.w3.org/ns/odrl/2/R1, http://example.org/rbim/contentNature, http://example.org/rbim/dynamic]
Definition of dynamic is: Changes in real time, possibly many times a second, during a day.
stmt is: [http://www.w3.org/ns/odrl/2/R1, http://www.w3.org/2000/01/rdf-schema#label, "Eurodollar Futures Contract"]
stmt is: [http://www.w3.org/ns/odrl/2/R1, http://www.w3.org/1999/02/22-rdf-syntax-ns#type, http://example.org/rbim/Resource]
stmt is: [http://www.w3.org/ns/odrl/2/A1, http://www.w3.org/1999/02/22-rdf-syntax-ns#type, http://www.w3.org/ns/odrl/2/Asset]
stmt is: [http://www.w3.org/ns/odrl/2/T1-P1, http://www.w3.org/1999/02/22-rdf-syntax-ns#type, http://www.w3.org/ns/odrl/2/Permission]
stmt is: [http://www.w3.org/ns/odrl/2/T1-P1, http://www.w3.org/ns/odrl/2/target, http://www.w3.org/ns/odrl/2/A2]
stmt is: [http://www.w3.org/ns/odrl/2/A2, http://www.w3.org/ns/odrl/2/refinement, http://www.w3.org/ns/odrl/2/C4]
stmt is: [http://www.w3.org/ns/odrl/2/C4, http://www.w3.org/ns/odrl/2/and, http://www.w3.org/ns/odrl/2/C6]
stmt is: [http://www.w3.org/ns/odrl/2/C6, http://www.w3.org/ns/odrl/2/rightOperand, "PT8H"^^http://www.w3.org/2001/XMLSchema#duration]
stmt is: [http://www.w3.org/ns/odrl/2/C6, http://www.w3.org/ns/odrl/2/operator, http://www.w3.org/ns/odrl/2/lt]
stmt is: [http://www.w3.org/ns/odrl/2/C6, http://www.w3.org/ns/odrl/2/leftOperand, http://example.org/rbim/timelinessOfDelivery]
stmt is: [http://www.w3.org/ns/odrl/2/C6, http://www.w3.org/1999/02/22-rdf-syntax-ns#type, http://www.w3.org/ns/odrl/2/Constraint]
Could not determine nature of statement.
stmt is: [http://www.w3.org/ns/odrl/2/C4, http://www.w3.org/ns/odrl/2/and, http://www.w3.org/ns/odrl/2/C5]
stmt is: [http://www.w3.org/ns/odrl/2/C5, http://www.w3.org/ns/odrl/2/rightOperand, "PT10M"^^http://www.w3.org/2001/XMLSchema#duration]
stmt is: [http://www.w3.org/ns/odrl/2/C5, http://www.w3.org/ns/odrl/2/operator, http://www.w3.org/ns/odrl/2/gteq]
stmt is: [http://www.w3.org/ns/odrl/2/C5, http://www.w3.org/ns/odrl/2/leftOperand, http://example.org/rbim/timelinessOfDelivery]
stmt is: [http://www.w3.org/ns/odrl/2/C5, http://www.w3.org/1999/02/22-rdf-syntax-ns#type, http://www.w3.org/ns/odrl/2/Constraint]
Could not determine nature of statement.
stmt is: [http://www.w3.org/ns/odrl/2/C4, http://www.w3.org/1999/02/22-rdf-syntax-ns#type, http://www.w3.org/ns/odrl/2/LogicalConstraint]
stmt is: [http://www.w3.org/ns/odrl/2/A2, http://www.w3.org/1999/02/22-rdf-syntax-ns#value, http://www.w3.org/ns/odrl/2/R1]
stmt is: [http://www.w3.org/ns/odrl/2/A2, http://www.w3.org/1999/02/22-rdf-syntax-ns#type, http://www.w3.org/ns/odrl/2/Asset]
stmt is: [http://www.w3.org/ns/odrl/2/T1, http://www.w3.org/ns/odrl/2/assigner, https://permid.org/1-8589934184]
stmt is: [http://www.w3.org/ns/odrl/2/T1, http://www.w3.org/1999/02/22-rdf-syntax-ns#type, http://www.w3.org/ns/odrl/2/Offer]

DFS in RDF : This happened ======================================
stmt is: [http://www.w3.org/ns/odrl/2/V1, http://www.w3.org/ns/odrl/2/permission, http://www.w3.org/ns/odrl/2/V1-P2]
stmt is: [http://www.w3.org/ns/odrl/2/V1-P2, http://www.w3.org/ns/odrl/2/duties, http://www.w3.org/ns/odrl/2/V1-P2-D1]
stmt is: [http://www.w3.org/ns/odrl/2/V1-P2-D1, http://www.w3.org/ns/odrl/2/target, http://www.w3.org/ns/odrl/2/W1]
stmt is: [http://www.w3.org/ns/odrl/2/W1, http://www.w3.org/ns/odrl/2/permission, http://www.w3.org/ns/odrl/2/W1-P1]
stmt is: [http://www.w3.org/ns/odrl/2/W1-P1, http://www.w3.org/ns/odrl/2/constraint, http://www.w3.org/ns/odrl/2/C24]
stmt is: [http://www.w3.org/ns/odrl/2/C24, http://www.w3.org/ns/odrl/2/rightOperand, http://example.org/rbim/tradingWarrants]
stmt is: [http://www.w3.org/ns/odrl/2/C24, http://www.w3.org/ns/odrl/2/operator, http://www.w3.org/ns/odrl/2/eq]
stmt is: [http://www.w3.org/ns/odrl/2/C24, http://www.w3.org/ns/odrl/2/leftOperand, http://www.w3.org/ns/odrl/2/purpose]
stmt is: [http://www.w3.org/ns/odrl/2/C24, http://www.w3.org/1999/02/22-rdf-syntax-ns#type, http://www.w3.org/ns/odrl/2/Constraint]
Could not determine nature of statement.
stmt is: [http://www.w3.org/ns/odrl/2/W1-P1, http://www.w3.org/ns/odrl/2/action, http://www.w3.org/ns/odrl/2/use]
stmt is: [http://www.w3.org/ns/odrl/2/W1-P1, http://www.w3.org/ns/odrl/2/target, http://www.w3.org/ns/odrl/2/A1]
stmt is: [http://www.w3.org/ns/odrl/2/A1, http://www.w3.org/ns/odrl/2/refinement, http://www.w3.org/ns/odrl/2/C3]
stmt is: [http://www.w3.org/ns/odrl/2/C3, http://www.w3.org/ns/odrl/2/rightOperand, "PT10M"^^http://www.w3.org/2001/XMLSchema#duration]
stmt is: [http://www.w3.org/ns/odrl/2/C3, http://www.w3.org/ns/odrl/2/operator, http://www.w3.org/ns/odrl/2/lt]
stmt is: [http://www.w3.org/ns/odrl/2/C3, http://www.w3.org/ns/odrl/2/leftOperand, http://example.org/rbim/timelinessOfDelivery]
stmt is: [http://www.w3.org/ns/odrl/2/C3, http://www.w3.org/1999/02/22-rdf-syntax-ns#type, http://www.w3.org/ns/odrl/2/Constraint]
Could not determine nature of statement.
stmt is: [http://www.w3.org/ns/odrl/2/A1, http://www.w3.org/1999/02/22-rdf-syntax-ns#value, http://www.w3.org/ns/odrl/2/R1]
stmt is: [http://www.w3.org/ns/odrl/2/R1, http://example.org/rbim/contentNature, http://example.org/rbim/dynamic]
Definition of dynamic is: Changes in real time, possibly many times a second, during a day.
stmt is: [http://www.w3.org/ns/odrl/2/R1, http://www.w3.org/2000/01/rdf-schema#label, "S&P 500 Futures & Options"]
stmt is: [http://www.w3.org/ns/odrl/2/R1, http://www.w3.org/1999/02/22-rdf-syntax-ns#type, http://example.org/rbim/Resource]
stmt is: [http://www.w3.org/ns/odrl/2/A1, http://www.w3.org/1999/02/22-rdf-syntax-ns#type, http://www.w3.org/ns/odrl/2/Asset]
stmt is: [http://www.w3.org/ns/odrl/2/W1-P1, http://www.w3.org/1999/02/22-rdf-syntax-ns#type, http://www.w3.org/ns/odrl/2/Permission]
stmt is: [http://www.w3.org/ns/odrl/2/W1, http://www.w3.org/1999/02/22-rdf-syntax-ns#type, http://www.w3.org/ns/odrl/2/Set]
stmt is: [http://www.w3.org/ns/odrl/2/V1-P2-D1, http://www.w3.org/ns/odrl/2/action, http://www.w3.org/ns/odrl/2/nextPolicy]
stmt is: [http://www.w3.org/ns/odrl/2/V1-P2-D1, http://www.w3.org/1999/02/22-rdf-syntax-ns#type, http://www.w3.org/ns/odrl/2/Duty]
stmt is: [http://www.w3.org/ns/odrl/2/V1-P2, http://www.w3.org/ns/odrl/2/action, http://www.w3.org/ns/odrl/2/distribute]
stmt is: [http://www.w3.org/ns/odrl/2/V1-P2, http://www.w3.org/ns/odrl/2/target, http://www.w3.org/ns/odrl/2/A1]
stmt is: [http://www.w3.org/ns/odrl/2/V1-P2, http://www.w3.org/1999/02/22-rdf-syntax-ns#type, http://www.w3.org/ns/odrl/2/Permission]
stmt is: [http://www.w3.org/ns/odrl/2/V1, http://www.w3.org/ns/odrl/2/permission, http://www.w3.org/ns/odrl/2/V1-P1]
stmt is: [http://www.w3.org/ns/odrl/2/V1-P1, http://www.w3.org/ns/odrl/2/constraint, http://www.w3.org/ns/odrl/2/C24]
stmt is: [http://www.w3.org/ns/odrl/2/V1-P1, http://www.w3.org/ns/odrl/2/constraint, http://www.w3.org/ns/odrl/2/C2]
stmt is: [http://www.w3.org/ns/odrl/2/C2, http://www.w3.org/ns/odrl/2/rightOperand, http://example.org/rbim/internalModel]
stmt is: [http://www.w3.org/ns/odrl/2/C2, http://www.w3.org/ns/odrl/2/operator, http://www.w3.org/ns/odrl/2/eq]
stmt is: [http://www.w3.org/ns/odrl/2/C2, http://www.w3.org/ns/odrl/2/leftOperand, http://example.org/rbim/RecipientModel]
stmt is: [http://www.w3.org/ns/odrl/2/C2, http://www.w3.org/1999/02/22-rdf-syntax-ns#type, http://www.w3.org/ns/odrl/2/Constraint]
Could not determine nature of statement.
stmt is: [http://www.w3.org/ns/odrl/2/V1-P1, http://www.w3.org/ns/odrl/2/action, http://www.w3.org/ns/odrl/2/use]
stmt is: [http://www.w3.org/ns/odrl/2/V1-P1, http://www.w3.org/ns/odrl/2/target, http://www.w3.org/ns/odrl/2/O1]
stmt is: [http://www.w3.org/ns/odrl/2/O1, http://www.w3.org/ns/odrl/2/refinement, http://www.w3.org/ns/odrl/2/C22]
stmt is: [http://www.w3.org/ns/odrl/2/C22, http://www.w3.org/ns/odrl/2/rightOperand, http://example.org/rbim/warrants]
stmt is: [http://www.w3.org/ns/odrl/2/C22, http://www.w3.org/ns/odrl/2/operator, http://www.w3.org/ns/odrl/2/eq]
stmt is: [http://www.w3.org/ns/odrl/2/C22, http://www.w3.org/ns/odrl/2/leftOperand, http://example.org/rbim/assetClass]
stmt is: [http://www.w3.org/ns/odrl/2/C22, http://www.w3.org/1999/02/22-rdf-syntax-ns#type, http://www.w3.org/ns/odrl/2/Constraint]
Could not determine nature of statement.
stmt is: [http://www.w3.org/ns/odrl/2/O1, http://www.w3.org/1999/02/22-rdf-syntax-ns#type, http://www.w3.org/ns/odrl/2/Asset]
stmt is: [http://www.w3.org/ns/odrl/2/V1-P1, http://www.w3.org/1999/02/22-rdf-syntax-ns#type, http://www.w3.org/ns/odrl/2/Permission]
stmt is: [http://www.w3.org/ns/odrl/2/V1, http://www.w3.org/1999/02/22-rdf-syntax-ns#type, http://www.w3.org/ns/odrl/2/Offer]
DFS in RDF : This happened ======================================
stmt is: [http://www.w3.org/ns/odrl/2/U1, http://www.w3.org/ns/odrl/2/permission, http://www.w3.org/ns/odrl/2/U1-P2]
stmt is: [http://www.w3.org/ns/odrl/2/U1-P2, http://www.w3.org/1999/02/22-rdf-syntax-ns#type, http://www.w3.org/ns/odrl/2/Permission]
stmt is: [http://www.w3.org/ns/odrl/2/U1-P2, http://www.w3.org/ns/odrl/2/duties, http://www.w3.org/ns/odrl/2/U1-P2-D3]
stmt is: [http://www.w3.org/ns/odrl/2/U1-P2, http://www.w3.org/ns/odrl/2/output, http://www.w3.org/ns/odrl/2/O1]
predicate is output.
This thing happened.
Node was not found. 
stmt is: [http://www.w3.org/ns/odrl/2/O1, http://www.w3.org/ns/odrl/2/refinement, http://www.w3.org/ns/odrl/2/C22]
stmt is: [http://www.w3.org/ns/odrl/2/U1-P2, http://www.w3.org/ns/odrl/2/action, http://www.w3.org/ns/odrl/2/U-Ac1]
Node was not found. 
stmt is: [http://www.w3.org/ns/odrl/2/U-Ac1, http://www.w3.org/ns/odrl/2/refinement, http://www.w3.org/ns/odrl/2/C12]
stmt is: [http://www.w3.org/ns/odrl/2/C12, http://www.w3.org/ns/odrl/2/rightOperand, http://example.org/rbim/irreversible]
stmt is: [http://www.w3.org/ns/odrl/2/C12, http://www.w3.org/ns/odrl/2/operator, http://www.w3.org/ns/odrl/2/eq]
stmt is: [http://www.w3.org/ns/odrl/2/C12, http://www.w3.org/ns/odrl/2/leftOperand, http://example.org/rbim/derivationType]
stmt is: [http://www.w3.org/ns/odrl/2/C12, http://www.w3.org/1999/02/22-rdf-syntax-ns#type, http://www.w3.org/ns/odrl/2/Constraint]
Could not determine nature of statement.
stmt is: [http://www.w3.org/ns/odrl/2/U-Ac1, http://www.w3.org/1999/02/22-rdf-syntax-ns#value, http://www.w3.org/ns/odrl/2/derive]
Definition of derive is: To create a new derivative Asset from this Asset and to edit or modify the derivative.
stmt is: [http://www.w3.org/ns/odrl/2/U-Ac1, http://www.w3.org/1999/02/22-rdf-syntax-ns#type, http://www.w3.org/ns/odrl/2/Action]
stmt is: [http://www.w3.org/ns/odrl/2/U1-P2, http://www.w3.org/ns/odrl/2/target, http://www.w3.org/ns/odrl/2/A4]
Node was not found. 
stmt is: [http://www.w3.org/ns/odrl/2/A4, http://www.w3.org/ns/odrl/2/refinement, http://www.w3.org/ns/odrl/2/C13]
stmt is: [http://www.w3.org/ns/odrl/2/C13, http://www.w3.org/ns/odrl/2/and, http://www.w3.org/ns/odrl/2/C14]
stmt is: [http://www.w3.org/ns/odrl/2/C14, http://www.w3.org/ns/odrl/2/rightOperand, "3"^^http://www.w3.org/2001/XMLSchema#integer]
stmt is: [http://www.w3.org/ns/odrl/2/C14, http://www.w3.org/ns/odrl/2/operator, http://www.w3.org/ns/odrl/2/eq]
stmt is: [http://www.w3.org/ns/odrl/2/C14, http://www.w3.org/ns/odrl/2/leftOperand, http://example.org/rbim/snapshotCount]
stmt is: [http://www.w3.org/ns/odrl/2/C14, http://www.w3.org/1999/02/22-rdf-syntax-ns#type, http://www.w3.org/ns/odrl/2/Constraint]
Could not determine nature of statement.
stmt is: [http://www.w3.org/ns/odrl/2/C13, http://www.w3.org/ns/odrl/2/and, http://www.w3.org/ns/odrl/2/C3]
stmt is: [http://www.w3.org/ns/odrl/2/C3, http://www.w3.org/ns/odrl/2/rightOperand, "PT10M"^^http://www.w3.org/2001/XMLSchema#duration]
stmt is: [http://www.w3.org/ns/odrl/2/C13, http://www.w3.org/1999/02/22-rdf-syntax-ns#type, http://www.w3.org/ns/odrl/2/LogicalConstraint]
stmt is: [http://www.w3.org/ns/odrl/2/A4, http://www.w3.org/1999/02/22-rdf-syntax-ns#value, http://www.w3.org/ns/odrl/2/R1]
stmt is: [http://www.w3.org/ns/odrl/2/R1, http://example.org/rbim/contentNature, http://example.org/rbim/dynamic]
stmt is: [http://www.w3.org/ns/odrl/2/A4, http://www.w3.org/1999/02/22-rdf-syntax-ns#type, http://www.w3.org/ns/odrl/2/Asset]
stmt is: [http://www.w3.org/ns/odrl/2/U1-P2, http://www.w3.org/ns/odrl/2/duties, http://www.w3.org/ns/odrl/2/U1-P2-D1]
Node was not found. 
stmt is: [http://www.w3.org/ns/odrl/2/U1-P2, http://www.w3.org/ns/odrl/2/target, http://www.w3.org/ns/odrl/2/A5]
Node was not found. 
stmt is: [http://www.w3.org/ns/odrl/2/A5, http://example.org/rbim/contentNature, http://example.org/rbim/historical]
stmt is: [http://www.w3.org/ns/odrl/2/A5, http://www.w3.org/ns/odrl/2/refinement, http://www.w3.org/ns/odrl/2/C15]
stmt is: [http://www.w3.org/ns/odrl/2/C15, http://www.w3.org/ns/odrl/2/rightOperand, "PT8H"^^http://www.w3.org/2001/XMLSchema#duration]
stmt is: [http://www.w3.org/ns/odrl/2/C15, http://www.w3.org/ns/odrl/2/operator, http://www.w3.org/ns/odrl/2/gteq]
stmt is: [http://www.w3.org/ns/odrl/2/C15, http://www.w3.org/ns/odrl/2/leftOperand, http://example.org/rbim/timelinessOfDelivery]
stmt is: [http://www.w3.org/ns/odrl/2/C15, http://www.w3.org/1999/02/22-rdf-syntax-ns#type, http://www.w3.org/ns/odrl/2/Constraint]
Could not determine nature of statement.
stmt is: [http://www.w3.org/ns/odrl/2/A5, http://www.w3.org/1999/02/22-rdf-syntax-ns#value, http://www.w3.org/ns/odrl/2/R1]
stmt is: [http://www.w3.org/ns/odrl/2/A5, http://www.w3.org/1999/02/22-rdf-syntax-ns#type, http://www.w3.org/ns/odrl/2/Asset]
stmt is: [http://www.w3.org/ns/odrl/2/U1-P2, http://www.w3.org/ns/odrl/2/target, http://www.w3.org/ns/odrl/2/A3]
Node was not found. 
stmt is: [http://www.w3.org/ns/odrl/2/A3, http://www.w3.org/1999/02/22-rdf-syntax-ns#value, http://www.w3.org/ns/odrl/2/R2]
stmt is: [http://www.w3.org/ns/odrl/2/R2, http://example.org/rbim/contentNature, http://example.org/rbim/endOfDay]
Definition of endOfDay is: Static, derived from real time content by provider or vendor, after a financial market has closed for the day (or after a 24 hour period in 24 hour markets).
stmt is: [http://www.w3.org/ns/odrl/2/R2, http://www.w3.org/2000/01/rdf-schema#label, "S&P 500 Futures & Options"]
stmt is: [http://www.w3.org/ns/odrl/2/R2, http://www.w3.org/1999/02/22-rdf-syntax-ns#type, http://example.org/rbim/Resource]
stmt is: [http://www.w3.org/ns/odrl/2/A3, http://www.w3.org/1999/02/22-rdf-syntax-ns#type, http://www.w3.org/ns/odrl/2/Asset]
stmt is: [http://www.w3.org/ns/odrl/2/U1-P2, http://www.w3.org/ns/odrl/2/duties, http://www.w3.org/ns/odrl/2/U1-P2-D4]
Node was not found. 
stmt is: [http://www.w3.org/ns/odrl/2/U1-P2, http://www.w3.org/ns/odrl/2/constraint, http://www.w3.org/ns/odrl/2/C24]
Node was not found. 
stmt is: [http://www.w3.org/ns/odrl/2/C24, http://www.w3.org/ns/odrl/2/rightOperand, http://example.org/rbim/tradingWarrants]
stmt is: [http://www.w3.org/ns/odrl/2/U1-P2, http://www.w3.org/ns/odrl/2/duties, http://www.w3.org/ns/odrl/2/U1-P2-D2]
Node was not found. 
stmt is: [http://www.w3.org/ns/odrl/2/U1, http://www.w3.org/ns/odrl/2/permission, http://www.w3.org/ns/odrl/2/U1-P1]
stmt is: [http://www.w3.org/ns/odrl/2/U1-P1, http://www.w3.org/ns/odrl/2/duties, http://www.w3.org/ns/odrl/2/U1-P1-D1]
stmt is: [http://www.w3.org/ns/odrl/2/U1-P1-D1, http://creativecommons.org/ns#notice, "CME Group Market Data is used under license as a source of information for certain [LICENSEE/LICENSEE GROUP] products. CME Group has no other connection to [LICENSEE/LICENSEE GROUP] products and services and does not sponsor, endorse, recommend or promote any [LICENSEE/LICENSEE GROUP] products or services. CME Group has no obligation or liability in connection with the [LICENSEE/LICENSEE GROUP] products and services. CME Group does not guarantee the accuracy and/or the completeness of any Market Data licensed to [LICENSEE/LICENSEE GROUP] and shall not have any liability for any errors, omissions, or interruptions therein. there are no third-party beneficiaries of any agreements or arrangements between CME Group and [LICENSEE/LICENSEE GROUP]."]
stmt is: [http://www.w3.org/ns/odrl/2/U1-P1-D1, http://www.w3.org/ns/odrl/2/action, http://www.w3.org/ns/odrl/2/attribute]
stmt is: [http://www.w3.org/ns/odrl/2/U1-P1-D1, http://www.w3.org/1999/02/22-rdf-syntax-ns#type, http://www.w3.org/ns/odrl/2/Duty]
stmt is: [http://www.w3.org/ns/odrl/2/U1-P1, http://www.w3.org/ns/odrl/2/target, http://www.w3.org/ns/odrl/2/A3]
stmt is: [http://www.w3.org/ns/odrl/2/U1-P1, http://www.w3.org/ns/odrl/2/duties, http://www.w3.org/ns/odrl/2/U1-P1-D3]
stmt is: [http://www.w3.org/ns/odrl/2/U1-P1-D3, http://www.w3.org/ns/odrl/2/constraint, http://www.w3.org/ns/odrl/2/C25]
stmt is: [http://www.w3.org/ns/odrl/2/C25, http://www.w3.org/ns/odrl/2/and, http://www.w3.org/ns/odrl/2/C16]
stmt is: [http://www.w3.org/ns/odrl/2/C16, http://www.w3.org/ns/odrl/2/or, http://www.w3.org/ns/odrl/2/C21]
stmt is: [http://www.w3.org/ns/odrl/2/C21, http://www.w3.org/ns/odrl/2/rightOperand, "P1Y"^^http://www.w3.org/2001/XMLSchema#duration]
stmt is: [http://www.w3.org/ns/odrl/2/C21, http://www.w3.org/ns/odrl/2/operator, http://www.w3.org/ns/odrl/2/eq]
stmt is: [http://www.w3.org/ns/odrl/2/C21, http://www.w3.org/ns/odrl/2/leftOperand, http://www.w3.org/ns/odrl/2/timeInterval]
stmt is: [http://www.w3.org/ns/odrl/2/C21, http://www.w3.org/1999/02/22-rdf-syntax-ns#type, http://www.w3.org/ns/odrl/2/Constraint]
Could not determine nature of statement.
stmt is: [http://www.w3.org/ns/odrl/2/C16, http://www.w3.org/ns/odrl/2/or, http://www.w3.org/ns/odrl/2/C20]
stmt is: [http://www.w3.org/ns/odrl/2/C20, http://www.w3.org/ns/odrl/2/unitOfCount, http://example.org/rbim/Instrument]
Could not determine nature of statement.
stmt is: [http://www.w3.org/ns/odrl/2/C20, http://www.w3.org/ns/odrl/2/unitOfCount, "P1M"^^http://www.w3.org/2001/XMLSchema#duration]
Could not determine nature of statement.
stmt is: [http://www.w3.org/ns/odrl/2/C20, http://www.w3.org/ns/odrl/2/unit, https://www.wikidata.org/wiki/Q4917]
qCode is : Q4917
stmt is: [http://www.w3.org/ns/odrl/2/C20, http://www.w3.org/ns/odrl/2/rightOperand, "2500.00"^^http://www.w3.org/2001/XMLSchema#float]
stmt is: [http://www.w3.org/ns/odrl/2/C20, http://www.w3.org/ns/odrl/2/operator, http://www.w3.org/ns/odrl/2/eq]
stmt is: [http://www.w3.org/ns/odrl/2/C20, http://www.w3.org/ns/odrl/2/leftOperand, http://www.w3.org/ns/odrl/2/payAmount]
stmt is: [http://www.w3.org/ns/odrl/2/C20, http://www.w3.org/1999/02/22-rdf-syntax-ns#type, http://www.w3.org/ns/odrl/2/Constraint]
Could not determine nature of statement.
stmt is: [http://www.w3.org/ns/odrl/2/C16, http://www.w3.org/ns/odrl/2/or, http://www.w3.org/ns/odrl/2/C17]
stmt is: [http://www.w3.org/ns/odrl/2/C17, http://www.w3.org/ns/odrl/2/unitOfCount, http://www.w3.org/ns/odrl/2/RO1]
Could not determine nature of statement.
stmt is: [http://www.w3.org/ns/odrl/2/RO1, http://www.w3.org/ns/odrl/2/refinement, http://www.w3.org/ns/odrl/2/C19]
Could not determine nature of statement.
stmt is: [http://www.w3.org/ns/odrl/2/C19, http://www.w3.org/ns/odrl/2/rightOperand, file:///Users/martheboulleau/Documents/Refinitiv_Work/learnREACT/transcription/CME_Series_1_Instrument_List]
stmt is: [http://www.w3.org/ns/odrl/2/C19, http://www.w3.org/ns/odrl/2/operator, http://www.w3.org/ns/odrl/2/isAnyOf]
stmt is: [http://www.w3.org/ns/odrl/2/C19, http://www.w3.org/ns/odrl/2/leftOperand, http://example.org/rbim/source]
stmt is: [http://www.w3.org/ns/odrl/2/C19, http://www.w3.org/1999/02/22-rdf-syntax-ns#type, http://www.w3.org/ns/odrl/2/Constraint]
Could not determine nature of statement.
stmt is: [http://www.w3.org/ns/odrl/2/RO1, http://www.w3.org/1999/02/22-rdf-syntax-ns#value, http://example.org/rbim/Instrument]
Could not determine nature of statement.
stmt is: [http://www.w3.org/ns/odrl/2/RO1, http://www.w3.org/1999/02/22-rdf-syntax-ns#type, http://www.w3.org/ns/odrl/2/RightOperand]
Could not determine nature of statement.
stmt is: [http://www.w3.org/ns/odrl/2/C17, http://www.w3.org/ns/odrl/2/rightOperand, "5"^^http://www.w3.org/2001/XMLSchema#integer]
stmt is: [http://www.w3.org/ns/odrl/2/C17, http://www.w3.org/ns/odrl/2/operator, http://www.w3.org/ns/odrl/2/lteq]
stmt is: [http://www.w3.org/ns/odrl/2/C17, http://www.w3.org/ns/odrl/2/leftOperand, http://www.w3.org/ns/odrl/2/snapshotCount]
stmt is: [http://www.w3.org/ns/odrl/2/C17, http://www.w3.org/1999/02/22-rdf-syntax-ns#type, http://www.w3.org/ns/odrl/2/Constraint]
Could not determine nature of statement.
stmt is: [http://www.w3.org/ns/odrl/2/C16, http://www.w3.org/1999/02/22-rdf-syntax-ns#type, http://www.w3.org/ns/odrl/2/LogicalConstraint]
stmt is: [http://www.w3.org/ns/odrl/2/C25, http://www.w3.org/1999/02/22-rdf-syntax-ns#type, http://www.w3.org/ns/odrl/2/LogicalConstraint]
stmt is: [http://www.w3.org/ns/odrl/2/U1-P1-D3, http://www.w3.org/ns/odrl/2/action, http://www.w3.org/ns/odrl/2/compensate]
stmt is: [http://www.w3.org/ns/odrl/2/U1-P1-D3, http://www.w3.org/1999/02/22-rdf-syntax-ns#type, http://www.w3.org/ns/odrl/2/Duty]
stmt is: [http://www.w3.org/ns/odrl/2/U1-P1, http://www.w3.org/ns/odrl/2/target, http://www.w3.org/ns/odrl/2/A1]
stmt is: [http://www.w3.org/ns/odrl/2/A1, http://www.w3.org/ns/odrl/2/refinement, http://www.w3.org/ns/odrl/2/C3]
stmt is: [http://www.w3.org/ns/odrl/2/U1-P1, http://www.w3.org/ns/odrl/2/action, http://www.w3.org/ns/odrl/2/U-Ac1]
stmt is: [http://www.w3.org/ns/odrl/2/U1-P1, http://www.w3.org/ns/odrl/2/duties, http://www.w3.org/ns/odrl/2/U1-P1-D2]
stmt is: [http://www.w3.org/ns/odrl/2/U1-P1-D2, http://example.org/rbim/processReference, https://www.cmegroup.com/market-data/files/cme-derived-data-license-agreement/7]
stmt is: [http://www.w3.org/ns/odrl/2/U1-P1-D2, http://example.org/rbim/auditingParty, https://permid.org/1-4295899615]
stmt is: [http://www.w3.org/ns/odrl/2/U1-P1-D2, http://www.w3.org/ns/odrl/2/action, http://example.org/rbim/acceptAudit]
stmt is: [http://www.w3.org/ns/odrl/2/U1-P1-D2, http://www.w3.org/1999/02/22-rdf-syntax-ns#type, http://www.w3.org/ns/odrl/2/Duty]
stmt is: [http://www.w3.org/ns/odrl/2/U1-P1, http://www.w3.org/ns/odrl/2/target, http://www.w3.org/ns/odrl/2/A4]
stmt is: [http://www.w3.org/ns/odrl/2/U1-P1, http://www.w3.org/ns/odrl/2/constraint, http://www.w3.org/ns/odrl/2/C24]
stmt is: [http://www.w3.org/ns/odrl/2/U1-P1, http://www.w3.org/1999/02/22-rdf-syntax-ns#type, http://www.w3.org/ns/odrl/2/Permission]
stmt is: [http://www.w3.org/ns/odrl/2/U1-P1, http://www.w3.org/ns/odrl/2/target, http://www.w3.org/ns/odrl/2/A2]
stmt is: [http://www.w3.org/ns/odrl/2/A2, http://www.w3.org/ns/odrl/2/refinement, http://www.w3.org/ns/odrl/2/C4]
stmt is: [http://www.w3.org/ns/odrl/2/C4, http://www.w3.org/ns/odrl/2/and, http://www.w3.org/ns/odrl/2/C6]
stmt is: [http://www.w3.org/ns/odrl/2/C6, http://www.w3.org/ns/odrl/2/rightOperand, "PT8H"^^http://www.w3.org/2001/XMLSchema#duration]
stmt is: [http://www.w3.org/ns/odrl/2/C6, http://www.w3.org/ns/odrl/2/operator, http://www.w3.org/ns/odrl/2/lt]
stmt is: [http://www.w3.org/ns/odrl/2/C6, http://www.w3.org/ns/odrl/2/leftOperand, http://example.org/rbim/timelinessOfDelivery]
stmt is: [http://www.w3.org/ns/odrl/2/C6, http://www.w3.org/1999/02/22-rdf-syntax-ns#type, http://www.w3.org/ns/odrl/2/Constraint]
Could not determine nature of statement.
stmt is: [http://www.w3.org/ns/odrl/2/C4, http://www.w3.org/ns/odrl/2/and, http://www.w3.org/ns/odrl/2/C5]
stmt is: [http://www.w3.org/ns/odrl/2/C5, http://www.w3.org/ns/odrl/2/rightOperand, "PT10M"^^http://www.w3.org/2001/XMLSchema#duration]
stmt is: [http://www.w3.org/ns/odrl/2/C5, http://www.w3.org/ns/odrl/2/operator, http://www.w3.org/ns/odrl/2/gteq]
stmt is: [http://www.w3.org/ns/odrl/2/C5, http://www.w3.org/ns/odrl/2/leftOperand, http://example.org/rbim/timelinessOfDelivery]
stmt is: [http://www.w3.org/ns/odrl/2/C5, http://www.w3.org/1999/02/22-rdf-syntax-ns#type, http://www.w3.org/ns/odrl/2/Constraint]
Could not determine nature of statement.
stmt is: [http://www.w3.org/ns/odrl/2/C4, http://www.w3.org/1999/02/22-rdf-syntax-ns#type, http://www.w3.org/ns/odrl/2/LogicalConstraint]
stmt is: [http://www.w3.org/ns/odrl/2/A2, http://www.w3.org/1999/02/22-rdf-syntax-ns#value, http://www.w3.org/ns/odrl/2/R1]
stmt is: [http://www.w3.org/ns/odrl/2/A2, http://www.w3.org/1999/02/22-rdf-syntax-ns#type, http://www.w3.org/ns/odrl/2/Asset]
stmt is: [http://www.w3.org/ns/odrl/2/U1-P1, http://www.w3.org/ns/odrl/2/output, http://www.w3.org/ns/odrl/2/O1]
predicate is output.
This thing happened.
Node was not found. 
stmt is: [http://www.w3.org/ns/odrl/2/U1-P1, http://www.w3.org/ns/odrl/2/duties, http://www.w3.org/ns/odrl/2/U1-P1-D4]
Node was not found. 
stmt is: [http://www.w3.org/ns/odrl/2/U1-P1-D4, http://www.w3.org/ns/odrl/2/target, http://www.w3.org/ns/odrl/2/V1]
stmt is: [http://www.w3.org/ns/odrl/2/V1, http://www.w3.org/ns/odrl/2/permission, http://www.w3.org/ns/odrl/2/V1-P2]
stmt is: [http://www.w3.org/ns/odrl/2/U1-P1-D4, http://www.w3.org/ns/odrl/2/action, http://www.w3.org/ns/odrl/2/nextPolicy]
stmt is: [http://www.w3.org/ns/odrl/2/U1-P1-D4, http://www.w3.org/1999/02/22-rdf-syntax-ns#type, http://www.w3.org/ns/odrl/2/Duty]
stmt is: [http://www.w3.org/ns/odrl/2/U1-P1, http://www.w3.org/ns/odrl/2/target, http://www.w3.org/ns/odrl/2/A5]
stmt is: [http://www.w3.org/ns/odrl/2/U1, http://www.w3.org/ns/odrl/2/assigner, https://permid.org/1-4295899615]
stmt is: [http://www.w3.org/ns/odrl/2/U1, http://www.w3.org/1999/02/22-rdf-syntax-ns#type, http://www.w3.org/ns/odrl/2/Offer]
Node was not found. 
]]></system-out>
  <system-err><![CDATA[SLF4J: Class path contains multiple SLF4J bindings.
SLF4J: Found binding in [jar:file:/Users/martheboulleau/.gradle/caches/modules-2/files-2.1/org.slf4j/slf4j-simple/1.7.26/dfb0de47f433c2a37dd44449c88d84b698cd5cf7/slf4j-simple-1.7.26.jar!/org/slf4j/impl/StaticLoggerBinder.class]
SLF4J: Found binding in [jar:file:/Users/martheboulleau/.gradle/caches/modules-2/files-2.1/org.apache.logging.log4j/log4j-slf4j-impl/2.11.2/4d44e4edc4a7fb39f09b95b09f560a15976fa1ba/log4j-slf4j-impl-2.11.2.jar!/org/slf4j/impl/StaticLoggerBinder.class]
SLF4J: See http://www.slf4j.org/codes.html#multiple_bindings for an explanation.
SLF4J: Actual binding is of type [org.slf4j.impl.SimpleLoggerFactory]
[Test worker] WARN org.apache.http.client.protocol.ResponseProcessCookies - Invalid cookie header: "Set-Cookie: WMF-Last-Access=06-Nov-2019;Path=/;HttpOnly;secure;Expires=Sun, 08 Dec 2019 12:00:00 GMT". Invalid 'expires' attribute: Sun, 08 Dec 2019 12:00:00 GMT
[Test worker] WARN org.apache.http.client.protocol.ResponseProcessCookies - Invalid cookie header: "Set-Cookie: WMF-Last-Access-Global=06-Nov-2019;Path=/;Domain=.wikidata.org;HttpOnly;secure;Expires=Sun, 08 Dec 2019 12:00:00 GMT". Invalid 'expires' attribute: Sun, 08 Dec 2019 12:00:00 GMT
[Test worker] WARN org.apache.http.client.protocol.ResponseProcessCookies - Invalid cookie header: "Set-Cookie: WMF-Last-Access=06-Nov-2019;Path=/;HttpOnly;secure;Expires=Sun, 08 Dec 2019 12:00:00 GMT". Invalid 'expires' attribute: Sun, 08 Dec 2019 12:00:00 GMT
[Test worker] WARN org.apache.http.client.protocol.ResponseProcessCookies - Invalid cookie header: "Set-Cookie: WMF-Last-Access-Global=06-Nov-2019;Path=/;Domain=.wikidata.org;HttpOnly;secure;Expires=Sun, 08 Dec 2019 12:00:00 GMT". Invalid 'expires' attribute: Sun, 08 Dec 2019 12:00:00 GMT
]]></system-err>
</testsuite>
